{
  "0 debug pnpm:scope": {
    "selected": 1
  },
  "1 error pnpm": {
    "message": {
      "errno": 1,
      "code": "ELIFECYCLE",
      "pkgid": "noba@0.0.1",
      "stage": "dev",
      "script": "svelte-kit dev",
      "pkgname": "noba"
    },
    "err": {
      "name": "Error",
      "message": "noba@0.0.1 dev: `svelte-kit dev`\nExit status 1",
      "code": "ELIFECYCLE",
      "stack": "Error: noba@0.0.1 dev: `svelte-kit dev`\nExit status 1\n    at EventEmitter.<anonymous> (C:\\Users\\tommi\\AppData\\Roaming\\npm\\pnpm-global\\4\\node_modules\\.pnpm\\pnpm@5.18.9\\node_modules\\pnpm\\dist\\pnpm.js:103159:18)\n    at EventEmitter.emit (events.js:314:20)\n    at ChildProcess.<anonymous> (C:\\Users\\tommi\\AppData\\Roaming\\npm\\pnpm-global\\4\\node_modules\\.pnpm\\pnpm@5.18.9\\node_modules\\pnpm\\dist\\pnpm.js:88733:16)\n    at ChildProcess.emit (events.js:314:20)\n    at maybeClose (internal/child_process.js:1047:16)\n    at Process.ChildProcess._handle.onexit (internal/child_process.js:287:5)"
    }
  }
}